INFO    : PreTeXt project found in `/workspaces/calciiwriting`.
WARNING : Using CLI version 2.0.1 but project's `requirements.txt`
WARNING : is configured to use 1.6.0. Consider either installing
WARNING : CLI version 1.6.0 or changing `requirements.txt` to match 2.0.1.
INFO    : Since no target was supplied, we will use "web".

INFO    : Preparing to build into /workspaces/calciiwriting/output/web.
INFO    : discovering source file's directory name: /workspaces/calciiwriting/source
INFO    : verifying and expanding input directory: /workspaces/calciiwriting/source/../generated-assets
INFO    : input directory expanded to absolute path: /workspaces/calciiwriting/generated-assets
INFO    : verifying and expanding input directory: /workspaces/calciiwriting/source/../assets
INFO    : input directory expanded to absolute path: /workspaces/calciiwriting/assets
INFO    : Runestone Services (via PreTeXt repository): version 7.1.2
INFO    : Runestone Services (using newer, via online CDN query): version 7.1.4
INFO    : converting /workspaces/calciiwriting/source/main.ptx to HTML in /tmp/tmp82zv3wx_
INFO    : XSL conversion of /workspaces/calciiwriting/source/main.ptx by /home/codespace/.ptx/xsl/pretext-html.xsl
INFO    : comprehensive messages, warnings, and errors:
INFO    :     * PTX:DEPRECATE: (2023-08-08) a "website" element with "address" and "name" children has changed.  Continue to use the "website" element as before, but replace the "address" and "name" children with a single "url" element, which is more flexible and reliable.  We will try to honor your intent, but you may prefer your own adjustments. (1 time)
INFO    :     *              located within: "frontmatter" (xml:id)
INFO    :     * --------------
INFO    :     * PTX:ERROR:   An object (exercise) lacks a structure number, search output for "[STRUCT]"
INFO    :     *              located within: "PA-5-5a-1" (xml:id)
INFO    :     * PTX:ERROR:   An object (exercise) lacks a structure number, search output for "[STRUCT]"
INFO    :     *              located within: "PA-5-5a-1" (xml:id)
INFO    :     * PTX:ERROR:   An object (exercise) lacks a structure number, search output for "[STRUCT]"
INFO    :     *              located within: "PA-5-5a-1" (xml:id)
INFO    :     * PTX:ERROR:   An object (exercise) lacks a structure number, search output for "[STRUCT]"
INFO    :     *              located within: "PA-5-5a-1" (xml:id)
INFO    :     * PTX:ERROR:   An object (exercise) lacks a structure number, search output for "[STRUCT]"
INFO    :     *              located within: "PA-5-5a-1" (xml:id)
INFO    :     * PTX:ERROR:   An object (exercise) lacks a structure number, search output for "[STRUCT]"
INFO    :     *              located within: "PA-5-5a-1" (xml:id)
INFO    :     * PTX:ERROR:   An object (exercise) lacks a structure number, search output for "[STRUCT]"
INFO    :     *              located within: "PA-5-5a-1" (xml:id)
INFO    :     * PTX:ERROR:   An object (exercise) lacks a structure number, search output for "[STRUCT]"
INFO    :     *              located within: "PA-5-5a-1" (xml:id)
INFO    :     * PTX:ERROR:   An object (exercise) lacks a structure number, search output for "[STRUCT]"
INFO    :     *              located within: "PA-5-5a-1" (xml:id)
INFO    :     * PTX:ERROR:   An object (exercise) lacks a structure number, search output for "[STRUCT]"
INFO    :     *              located within: "PA-5-5a-1" (xml:id)
INFO    :     * PTX:ERROR:   An object (exercise) lacks a structure number, search output for "[STRUCT]"
INFO    :     *              located within: "PA-5-5a-1" (xml:id)
INFO    :     * PTX:ERROR:   An object (exercise) lacks a structure number, search output for "[STRUCT]"
INFO    :     *              located within: "PA-5-5a-1" (xml:id)
INFO    :     * PTX:ERROR:   An object (exercise) lacks a structure number, search output for "[STRUCT]"
INFO    :     *              located within: "PA-5-5a-1" (xml:id)
INFO    :     * PTX:ERROR:   An object (exercise) lacks a structure number, search output for "[STRUCT]"
INFO    :     *              located within: "PA-5-5a-1" (xml:id)
INFO    :     * PTX:ERROR:   An object (exercise) lacks a structure number, search output for "[STRUCT]"
INFO    :     *              located within: "PA-5-5a-1" (xml:id)
INFO    :     * PTX:ERROR:   An object (exercise) lacks a structure number, search output for "[STRUCT]"
INFO    :     *              located within: "PA-5-5a-1" (xml:id)
INFO    : successful application of /home/codespace/.ptx/xsl/pretext-html.xsl
INFO    : 
Success! Run `pretext view` to see the results.

