INFO    : PreTeXt project found in `/workspaces/calciiwriting`.
WARNING : Using CLI version 2.0.1 but project's `requirements.txt`
WARNING : is configured to use 1.6.0. Consider either installing
WARNING : CLI version 1.6.0 or changing `requirements.txt` to match 2.0.1.
INFO    : Since no target was supplied, we will use "web".

INFO    : Staging latest build located in `/workspaces/calciiwriting/output/web` at `/workspaces/calciiwriting/output/stage`.
INFO    : 
INFO    : Deployment is now staged at `/workspaces/calciiwriting/output/stage`.
INFO    : Preparing to deploy from active `main` git branch.
INFO    : 
INFO    : Changes to project source since last commit detected.
INFO    : Add/committing these changes to local Git repository.
INFO    : 
INFO    : Committing your latest build to the `gh-pages` branch.
INFO    : 
INFO    : Attempting to connect to remote repository at `https://github.com/Tanaquil18/calciiwriting`...
INFO    : 
INFO    : 
INFO    : Latest build successfully pushed to GitHub!
INFO    : 
INFO    : To enable GitHub Pages, visit
INFO    :     https://github.com/Tanaquil18/calciiwriting/settings/pages
INFO    : selecting the `gh-pages` branch with the `/ (root)` folder.
INFO    : 
INFO    : Visit
INFO    :     https://github.com/Tanaquil18/calciiwriting/actions/
INFO    : to check on the status of your GitHub Pages deployment.
INFO    : 
INFO    : Your built project will soon be available to the public at:
INFO    :     https://Tanaquil18.github.io/calciiwriting/
