INFO    : Using PreTeXt-CLI version: 2.10.1.  This is the latest available version.

INFO    : PreTeXt project found in `/workspaces/calciiwriting`.
WARNING : Using CLI version 2.10.1 but project's `requirements.txt`
WARNING : is configured to use 1.6.0. Consider either installing
WARNING : CLI version 1.6.0 or running `pretext init --refresh`
WARNING : to update `requirements.txt` to match 2.10.1.
INFO    : Building target web
INFO    : Preparing to build into /workspaces/calciiwriting/output/web.
INFO    : XSL conversion of /workspaces/calciiwriting/source/main.ptx by /home/codespace/.ptx/2.10.1/core/xsl/utilities/report-publisher-variables.xsl
INFO    : successful application of /home/codespace/.ptx/2.10.1/core/xsl/utilities/report-publisher-variables.xsl
INFO    : discovering source file's directory name: /workspaces/calciiwriting/source
INFO    : verifying and expanding input directory: /workspaces/calciiwriting/source/../generated-assets
INFO    : input directory expanded to absolute path: /workspaces/calciiwriting/generated-assets
INFO    : verifying and expanding input directory: /workspaces/calciiwriting/source/../assets
INFO    : input directory expanded to absolute path: /workspaces/calciiwriting/assets
INFO    : Runestone Services (via PreTeXt repository): version 7.4.4
INFO    : Runestone Services (using newer, via online CDN query): version 7.5.0
INFO    : Downloading Runestone Services, version 7.5.0
INFO    : Extracting Runestone Services from archive file
INFO    : converting /workspaces/calciiwriting/source/main.ptx to HTML in /tmp/ptx-7z42qqyz
INFO    : XSL conversion of /workspaces/calciiwriting/source/main.ptx by /home/codespace/.ptx/2.10.1/core/xsl/pretext-html.xsl
INFO    : successful application of /home/codespace/.ptx/2.10.1/core/xsl/pretext-html.xsl
INFO    : Removing temporary directory /tmp/ptx-g15p4xqr
INFO    : Removing temporary directory /tmp/ptx-7z42qqyz
INFO    : 
Success! Run `pretext view` to see the results.

INFO    : 
