WARNING : Using CLI version 2.23.0 but project's `requirements.txt`
WARNING : is configured to use 2.14.0. Consider either installing
WARNING : CLI version 2.14.0 or running `pretext update`
WARNING : to update `requirements.txt` and other managed files to match 2.23.0.
INFO    : Since no target was supplied, we will use "web".

INFO    : Building target web
INFO    : XSL conversion of /workspaces/calciiwriting/source/main.ptx by /home/codespace/.ptx/2.23.0/core/xsl/utilities/pretext-enhanced-source.xsl
INFO    : successful application of /home/codespace/.ptx/2.23.0/core/xsl/utilities/pretext-enhanced-source.xsl
INFO    : Generating any needed assets.
INFO    : XSL conversion of /workspaces/calciiwriting/source/main.ptx by /home/codespace/.ptx/2.23.0/core/xsl/utilities/pretext-enhanced-source.xsl
INFO    : successful application of /home/codespace/.ptx/2.23.0/core/xsl/utilities/pretext-enhanced-source.xsl
INFO    : XSL conversion of /workspaces/calciiwriting/source/main.ptx by /home/codespace/.ptx/2.23.0/core/xsl/utilities/pretext-enhanced-source.xsl
INFO    : successful application of /home/codespace/.ptx/2.23.0/core/xsl/utilities/pretext-enhanced-source.xsl
INFO    : XSL conversion of /workspaces/calciiwriting/source/main.ptx by /home/codespace/.ptx/2.23.0/core/xsl/utilities/pretext-enhanced-source.xsl
INFO    : successful application of /home/codespace/.ptx/2.23.0/core/xsl/utilities/pretext-enhanced-source.xsl
INFO    : XSL conversion of /workspaces/calciiwriting/source/main.ptx by /home/codespace/.ptx/2.23.0/core/xsl/utilities/pretext-enhanced-source.xsl
INFO    : successful application of /home/codespace/.ptx/2.23.0/core/xsl/utilities/pretext-enhanced-source.xsl
INFO    : XSL conversion of /workspaces/calciiwriting/source/main.ptx by /home/codespace/.ptx/2.23.0/core/xsl/utilities/pretext-enhanced-source.xsl
INFO    : successful application of /home/codespace/.ptx/2.23.0/core/xsl/utilities/pretext-enhanced-source.xsl
INFO    : XSL conversion of /workspaces/calciiwriting/source/main.ptx by /home/codespace/.ptx/2.23.0/core/xsl/utilities/pretext-enhanced-source.xsl
INFO    : successful application of /home/codespace/.ptx/2.23.0/core/xsl/utilities/pretext-enhanced-source.xsl
INFO    : XSL conversion of /workspaces/calciiwriting/source/main.ptx by /home/codespace/.ptx/2.23.0/core/xsl/utilities/pretext-enhanced-source.xsl
INFO    : successful application of /home/codespace/.ptx/2.23.0/core/xsl/utilities/pretext-enhanced-source.xsl
INFO    : XSL conversion of /workspaces/calciiwriting/source/main.ptx by /home/codespace/.ptx/2.23.0/core/xsl/utilities/pretext-enhanced-source.xsl
INFO    : successful application of /home/codespace/.ptx/2.23.0/core/xsl/utilities/pretext-enhanced-source.xsl
INFO    : XSL conversion of /workspaces/calciiwriting/source/main.ptx by /home/codespace/.ptx/2.23.0/core/xsl/utilities/pretext-enhanced-source.xsl
INFO    : successful application of /home/codespace/.ptx/2.23.0/core/xsl/utilities/pretext-enhanced-source.xsl
INFO    : XSL conversion of /workspaces/calciiwriting/source/main.ptx by /home/codespace/.ptx/2.23.0/core/xsl/utilities/pretext-enhanced-source.xsl
INFO    : successful application of /home/codespace/.ptx/2.23.0/core/xsl/utilities/pretext-enhanced-source.xsl
INFO    : XSL conversion of /workspaces/calciiwriting/source/main.ptx by /home/codespace/.ptx/2.23.0/core/xsl/utilities/pretext-enhanced-source.xsl
INFO    : successful application of /home/codespace/.ptx/2.23.0/core/xsl/utilities/pretext-enhanced-source.xsl
INFO    : XSL conversion of /workspaces/calciiwriting/source/main.ptx by /home/codespace/.ptx/2.23.0/core/xsl/utilities/pretext-enhanced-source.xsl
INFO    : successful application of /home/codespace/.ptx/2.23.0/core/xsl/utilities/pretext-enhanced-source.xsl
INFO    : XSL conversion of /workspaces/calciiwriting/source/main.ptx by /home/codespace/.ptx/2.23.0/core/xsl/utilities/pretext-enhanced-source.xsl
INFO    : successful application of /home/codespace/.ptx/2.23.0/core/xsl/utilities/pretext-enhanced-source.xsl
INFO    : XSL conversion of /workspaces/calciiwriting/source/main.ptx by /home/codespace/.ptx/2.23.0/core/xsl/utilities/pretext-enhanced-source.xsl
INFO    : successful application of /home/codespace/.ptx/2.23.0/core/xsl/utilities/pretext-enhanced-source.xsl
INFO    : converting latex-image pictures from /workspaces/calciiwriting/source/main.ptx to svg graphics for placement in /workspaces/calciiwriting/generated-assets/latex-image
INFO    : extracting latex-image pictures from /workspaces/calciiwriting/source/main.ptx
INFO    : string parameters passed to extraction stylesheet: {'cli.version': '2.23', 'publisher': '/workspaces/calciiwriting/publication/publication.ptx'}
INFO    : discovering source file's directory name: /workspaces/calciiwriting/source
INFO    : verifying and expanding input directory: /workspaces/calciiwriting/source/../generated-assets
INFO    : input directory expanded to absolute path: /workspaces/calciiwriting/generated-assets
INFO    : verifying and expanding input directory: /workspaces/calciiwriting/source/../assets
INFO    : input directory expanded to absolute path: /workspaces/calciiwriting/assets
INFO    : discovering source file's directory name: /workspaces/calciiwriting/source
INFO    : XSL conversion of /workspaces/calciiwriting/source/main.ptx by /home/codespace/.ptx/2.23.0/core/xsl/extract-latex-image.xsl
INFO    : messages from the log for XSL processing:
INFO    : * PTX:INFO:   checking ONLY the last TWO YEARS of element deprecations.
Rerun with the string parameter "author.deprecations.all" set to "yes" to check your source against all deprecations.
INFO    : successful application of /home/codespace/.ptx/2.23.0/core/xsl/extract-latex-image.xsl
WARNING : PTX:ERROR: cannot locate executable with configuration name `LatexEngine.XELATEX` as command `xelatex`
***  Edit the configuration file  ("pretext.cfg" or "project.ptx") and/or install  ***
***  the necessary program and/or make sure the executable is on your PATH         ***
ERROR   : Unable to generate some latex-image assets:
 LaTeX compilation failed for 1 "latex-image"(s).
Review the log for error messages, and LaTeX transcripts.
Images are:
  sec-8-1exercises-6.tex
INFO    : Removing temporary directory /tmp/ptx-cdaaxtep
INFO    : Finished generating assets.

INFO    : Preparing to build into /workspaces/calciiwriting/output/web.
INFO    : discovering source file's directory name: /workspaces/calciiwriting/source
INFO    : verifying and expanding input directory: /workspaces/calciiwriting/source/../generated-assets
INFO    : input directory expanded to absolute path: /workspaces/calciiwriting/generated-assets
INFO    : verifying and expanding input directory: /workspaces/calciiwriting/source/../assets
INFO    : input directory expanded to absolute path: /workspaces/calciiwriting/assets
INFO    : discovering source file's directory name: /workspaces/calciiwriting/source
INFO    : XSL conversion of /workspaces/calciiwriting/source/main.ptx by /home/codespace/.ptx/2.23.0/core/xsl/utilities/report-publisher-variables.xsl
INFO    : successful application of /home/codespace/.ptx/2.23.0/core/xsl/utilities/report-publisher-variables.xsl
INFO    : Downloading rs services file from https://runestone.academy/cdn/runestone/latest/webpack_static_imports.xml.
INFO    : Runestone Services via online CDN query: version 7.8.5
INFO    : Downloading Runestone Services, version 7.8.5
INFO    : Extracting Runestone Services from archive file
INFO    : Building custom css theme: theme-salem
INFO    : converting /workspaces/calciiwriting/source/main.ptx to HTML in /tmp/ptx-x3rz5cn4
INFO    : XSL conversion of /workspaces/calciiwriting/source/main.ptx by /home/codespace/.ptx/2.23.0/core/xsl/pretext-html.xsl
INFO    : messages from the log for XSL processing:
INFO    : * PTX:INFO:   checking ONLY the last TWO YEARS of element deprecations.
Rerun with the string parameter "author.deprecations.all" set to "yes" to check your source against all deprecations.
WARNING : * PTX:DEPRECATE: (2025-05-09) the webwork/@coursepassword and @userpassword publication entries have been deprecated. Use @password instead.
INFO    : * --------------
INFO    : successful application of /home/codespace/.ptx/2.23.0/core/xsl/pretext-html.xsl
INFO    : Removing temporary directory /tmp/ptx-x3rz5cn4
INFO    : Removing temporary directory /tmp/ptx-p72mwbpx
INFO    : 
Success! Run `pretext view web` to see the results.

INFO    : 
----------------------------------------------------
INFO    : While running pretext, the following errors occurred:

INFO    : (see log messages above or in the 'logs' folder for more information)
INFO    : ----------------------------------------------------
