WARNING : Using CLI version 2.23.0 but project's `requirements.txt`
WARNING : is configured to use 2.14.0. Consider either installing
WARNING : CLI version 2.14.0 or running `pretext update`
WARNING : to update `requirements.txt` and other managed files to match 2.23.0.
INFO    : Since no target was supplied, we will use "web".

INFO    : Generating any needed assets.
INFO    : XSL conversion of /workspaces/calciiwriting/source/main.ptx by /home/codespace/.ptx/2.23.0/core/xsl/utilities/pretext-enhanced-source.xsl
INFO    : successful application of /home/codespace/.ptx/2.23.0/core/xsl/utilities/pretext-enhanced-source.xsl
INFO    : XSL conversion of /workspaces/calciiwriting/source/main.ptx by /home/codespace/.ptx/2.23.0/core/xsl/utilities/pretext-enhanced-source.xsl
INFO    : successful application of /home/codespace/.ptx/2.23.0/core/xsl/utilities/pretext-enhanced-source.xsl
INFO    : XSL conversion of /workspaces/calciiwriting/source/main.ptx by /home/codespace/.ptx/2.23.0/core/xsl/utilities/pretext-enhanced-source.xsl
INFO    : successful application of /home/codespace/.ptx/2.23.0/core/xsl/utilities/pretext-enhanced-source.xsl
INFO    : XSL conversion of /workspaces/calciiwriting/source/main.ptx by /home/codespace/.ptx/2.23.0/core/xsl/utilities/pretext-enhanced-source.xsl
INFO    : successful application of /home/codespace/.ptx/2.23.0/core/xsl/utilities/pretext-enhanced-source.xsl
INFO    : XSL conversion of /workspaces/calciiwriting/source/main.ptx by /home/codespace/.ptx/2.23.0/core/xsl/utilities/pretext-enhanced-source.xsl
INFO    : successful application of /home/codespace/.ptx/2.23.0/core/xsl/utilities/pretext-enhanced-source.xsl
INFO    : XSL conversion of /workspaces/calciiwriting/source/main.ptx by /home/codespace/.ptx/2.23.0/core/xsl/utilities/pretext-enhanced-source.xsl
INFO    : successful application of /home/codespace/.ptx/2.23.0/core/xsl/utilities/pretext-enhanced-source.xsl
INFO    : XSL conversion of /workspaces/calciiwriting/source/main.ptx by /home/codespace/.ptx/2.23.0/core/xsl/utilities/pretext-enhanced-source.xsl
INFO    : successful application of /home/codespace/.ptx/2.23.0/core/xsl/utilities/pretext-enhanced-source.xsl
INFO    : XSL conversion of /workspaces/calciiwriting/source/main.ptx by /home/codespace/.ptx/2.23.0/core/xsl/utilities/pretext-enhanced-source.xsl
INFO    : successful application of /home/codespace/.ptx/2.23.0/core/xsl/utilities/pretext-enhanced-source.xsl
INFO    : XSL conversion of /workspaces/calciiwriting/source/main.ptx by /home/codespace/.ptx/2.23.0/core/xsl/utilities/pretext-enhanced-source.xsl
INFO    : successful application of /home/codespace/.ptx/2.23.0/core/xsl/utilities/pretext-enhanced-source.xsl
INFO    : XSL conversion of /workspaces/calciiwriting/source/main.ptx by /home/codespace/.ptx/2.23.0/core/xsl/utilities/pretext-enhanced-source.xsl
INFO    : successful application of /home/codespace/.ptx/2.23.0/core/xsl/utilities/pretext-enhanced-source.xsl
INFO    : XSL conversion of /workspaces/calciiwriting/source/main.ptx by /home/codespace/.ptx/2.23.0/core/xsl/utilities/pretext-enhanced-source.xsl
INFO    : successful application of /home/codespace/.ptx/2.23.0/core/xsl/utilities/pretext-enhanced-source.xsl
INFO    : XSL conversion of /workspaces/calciiwriting/source/main.ptx by /home/codespace/.ptx/2.23.0/core/xsl/utilities/pretext-enhanced-source.xsl
INFO    : successful application of /home/codespace/.ptx/2.23.0/core/xsl/utilities/pretext-enhanced-source.xsl
INFO    : XSL conversion of /workspaces/calciiwriting/source/main.ptx by /home/codespace/.ptx/2.23.0/core/xsl/utilities/pretext-enhanced-source.xsl
INFO    : successful application of /home/codespace/.ptx/2.23.0/core/xsl/utilities/pretext-enhanced-source.xsl
INFO    : XSL conversion of /workspaces/calciiwriting/source/main.ptx by /home/codespace/.ptx/2.23.0/core/xsl/utilities/pretext-enhanced-source.xsl
INFO    : successful application of /home/codespace/.ptx/2.23.0/core/xsl/utilities/pretext-enhanced-source.xsl
INFO    : string parameters passed to extraction stylesheet: {'publisher': '/workspaces/calciiwriting/publication/publication.ptx'}
INFO    : discovering source file's directory name: /workspaces/calciiwriting/source
INFO    : verifying and expanding input directory: /workspaces/calciiwriting/source/../generated-assets
INFO    : input directory expanded to absolute path: /workspaces/calciiwriting/generated-assets
INFO    : verifying and expanding input directory: /workspaces/calciiwriting/source/../assets
INFO    : input directory expanded to absolute path: /workspaces/calciiwriting/assets
INFO    : XSL conversion of /workspaces/calciiwriting/source/main.ptx by /home/codespace/.ptx/2.23.0/core/xsl/extract-pg.xsl
INFO    : messages from the log for XSL processing:
INFO    : * PTX:INFO:   checking ONLY the last TWO YEARS of element deprecations.
Rerun with the string parameter "author.deprecations.all" set to "yes" to check your source against all deprecations.
INFO    : successful application of /home/codespace/.ptx/2.23.0/core/xsl/extract-pg.xsl
INFO    : XSL conversion of /workspaces/calciiwriting/source/main.ptx by /home/codespace/.ptx/2.23.0/core/xsl/pretext-ww-problem-sets.xsl
INFO    : messages from the log for XSL processing:
INFO    : * PTX:INFO:   checking ONLY the last TWO YEARS of element deprecations.
Rerun with the string parameter "author.deprecations.all" set to "yes" to check your source against all deprecations.
INFO    : successful application of /home/codespace/.ptx/2.23.0/core/xsl/pretext-ww-problem-sets.xsl
INFO    : XSL conversion of /workspaces/calciiwriting/source/main.ptx by /home/codespace/.ptx/2.23.0/core/xsl/support/pretext-pg-macros.xsl
INFO    : messages from the log for XSL processing:
INFO    : * PTX:INFO:   checking ONLY the last TWO YEARS of element deprecations.
Rerun with the string parameter "author.deprecations.all" set to "yes" to check your source against all deprecations.
INFO    : successful application of /home/codespace/.ptx/2.23.0/core/xsl/support/pretext-pg-macros.xsl
INFO    : XSL conversion of /workspaces/calciiwriting/source/main.ptx by /home/codespace/.ptx/2.23.0/core/xsl/support/pretext-pg-macros.xsl
INFO    : messages from the log for XSL processing:
INFO    : * PTX:INFO:   checking ONLY the last TWO YEARS of element deprecations.
Rerun with the string parameter "author.deprecations.all" set to "yes" to check your source against all deprecations.
INFO    : successful application of /home/codespace/.ptx/2.23.0/core/xsl/support/pretext-pg-macros.xsl
INFO    : validating, cleaning server URL: https://webwork-dev.uleth.ca
INFO    : building representations of PTX-authored WeBWorK problem
INFO    : sending webwork-PA-1-5a to server to save in /workspaces/calciiwriting/generated-assets/webwork/webwork-representations.xml: origin is 'ptx'
INFO    : building representations of PTX-authored WeBWorK problem
INFO    : sending webwork-PA-8a-2 to server to save in /workspaces/calciiwriting/generated-assets/webwork/webwork-representations.xml: origin is 'ptx'
INFO    : Removing temporary directory /tmp/ptx-b840xtit
INFO    : Removing temporary directory /tmp/ptx-4ykjsui7
INFO    : Finished generating assets.

INFO    : Finished generating assets.

INFO    : 
