WARNING : Using CLI version 2.23.0 but project's `requirements.txt`
WARNING : is configured to use 2.14.0. Consider either installing
WARNING : CLI version 2.14.0 or running `pretext update`
WARNING : to update `requirements.txt` and other managed files to match 2.23.0.
INFO    : Staging deployment according to strategy default_target
INFO    : Since no target was supplied, we will use "web".

INFO    : Staging latest build located in `/workspaces/calciiwriting/output/web` at `/workspaces/calciiwriting/output/stage`.
INFO    : 
INFO    : Preparing to deploy from active `main` git branch.

INFO    : Changes to project source since last commit detected.
WARNING : Don't forget to either add and commit the changes to your source with git, or run `pretext deploy -u` to have these changes updated automatically.
WARNING : Just deploying your built project will not save changes to your source on GitHub.`
INFO    : Committing your latest build to the `gh-pages` branch.
INFO    : 
INFO    : Attempting to connect to remote repository at `https://github.com/Tanaquil18/calciiwriting`...
INFO    : 
INFO    : 
INFO    : Latest build successfully pushed to GitHub!

INFO    : 
INFO    : To enable GitHub Pages, visit
INFO    :     https://github.com/Tanaquil18/calciiwriting/settings/pages
INFO    : selecting the `gh-pages` branch with the `/ (root)` folder.

INFO    : Visit
INFO    :     https://github.com/Tanaquil18/calciiwriting/actions/
INFO    : to check on the status of your GitHub Pages deployment.

INFO    : Your built project will soon be available to the public at:
INFO    :     https://Tanaquil18.github.io/calciiwriting/
INFO    : 
