WARNING : Using CLI version 2.21.0 but project's `requirements.txt`
WARNING : is configured to use 2.14.0. Consider either installing
WARNING : CLI version 2.14.0 or running `pretext update`
WARNING : to update `requirements.txt` and other managed files to match 2.21.0.
INFO    : Since no target was supplied, we will use "web".

INFO    : Building target web
INFO    : XSL conversion of /workspaces/calciiwriting/source/main.ptx by /home/codespace/.ptx/2.21.0/core/xsl/utilities/pretext-enhanced-source.xsl
INFO    : successful application of /home/codespace/.ptx/2.21.0/core/xsl/utilities/pretext-enhanced-source.xsl
INFO    : Generating any needed assets.
INFO    : XSL conversion of /workspaces/calciiwriting/source/main.ptx by /home/codespace/.ptx/2.21.0/core/xsl/utilities/pretext-enhanced-source.xsl
INFO    : successful application of /home/codespace/.ptx/2.21.0/core/xsl/utilities/pretext-enhanced-source.xsl
INFO    : XSL conversion of /workspaces/calciiwriting/source/main.ptx by /home/codespace/.ptx/2.21.0/core/xsl/utilities/pretext-enhanced-source.xsl
INFO    : successful application of /home/codespace/.ptx/2.21.0/core/xsl/utilities/pretext-enhanced-source.xsl
INFO    : XSL conversion of /workspaces/calciiwriting/source/main.ptx by /home/codespace/.ptx/2.21.0/core/xsl/utilities/pretext-enhanced-source.xsl
INFO    : successful application of /home/codespace/.ptx/2.21.0/core/xsl/utilities/pretext-enhanced-source.xsl
INFO    : XSL conversion of /workspaces/calciiwriting/source/main.ptx by /home/codespace/.ptx/2.21.0/core/xsl/utilities/pretext-enhanced-source.xsl
INFO    : successful application of /home/codespace/.ptx/2.21.0/core/xsl/utilities/pretext-enhanced-source.xsl
INFO    : XSL conversion of /workspaces/calciiwriting/source/main.ptx by /home/codespace/.ptx/2.21.0/core/xsl/utilities/pretext-enhanced-source.xsl
INFO    : successful application of /home/codespace/.ptx/2.21.0/core/xsl/utilities/pretext-enhanced-source.xsl
INFO    : XSL conversion of /workspaces/calciiwriting/source/main.ptx by /home/codespace/.ptx/2.21.0/core/xsl/utilities/pretext-enhanced-source.xsl
INFO    : successful application of /home/codespace/.ptx/2.21.0/core/xsl/utilities/pretext-enhanced-source.xsl
INFO    : XSL conversion of /workspaces/calciiwriting/source/main.ptx by /home/codespace/.ptx/2.21.0/core/xsl/utilities/pretext-enhanced-source.xsl
INFO    : successful application of /home/codespace/.ptx/2.21.0/core/xsl/utilities/pretext-enhanced-source.xsl
INFO    : XSL conversion of /workspaces/calciiwriting/source/main.ptx by /home/codespace/.ptx/2.21.0/core/xsl/utilities/pretext-enhanced-source.xsl
INFO    : successful application of /home/codespace/.ptx/2.21.0/core/xsl/utilities/pretext-enhanced-source.xsl
INFO    : XSL conversion of /workspaces/calciiwriting/source/main.ptx by /home/codespace/.ptx/2.21.0/core/xsl/utilities/pretext-enhanced-source.xsl
INFO    : successful application of /home/codespace/.ptx/2.21.0/core/xsl/utilities/pretext-enhanced-source.xsl
INFO    : XSL conversion of /workspaces/calciiwriting/source/main.ptx by /home/codespace/.ptx/2.21.0/core/xsl/utilities/pretext-enhanced-source.xsl
INFO    : successful application of /home/codespace/.ptx/2.21.0/core/xsl/utilities/pretext-enhanced-source.xsl
INFO    : XSL conversion of /workspaces/calciiwriting/source/main.ptx by /home/codespace/.ptx/2.21.0/core/xsl/utilities/pretext-enhanced-source.xsl
INFO    : successful application of /home/codespace/.ptx/2.21.0/core/xsl/utilities/pretext-enhanced-source.xsl
INFO    : XSL conversion of /workspaces/calciiwriting/source/main.ptx by /home/codespace/.ptx/2.21.0/core/xsl/utilities/pretext-enhanced-source.xsl
INFO    : successful application of /home/codespace/.ptx/2.21.0/core/xsl/utilities/pretext-enhanced-source.xsl
INFO    : string parameters passed to extraction stylesheet: {'cli.version': '2.21', 'publisher': '/workspaces/calciiwriting/publication/publication.ptx'}
INFO    : discovering source file's directory name: /workspaces/calciiwriting/source
INFO    : verifying and expanding input directory: /workspaces/calciiwriting/source/../generated-assets
INFO    : input directory expanded to absolute path: /workspaces/calciiwriting/generated-assets
INFO    : verifying and expanding input directory: /workspaces/calciiwriting/source/../assets
INFO    : input directory expanded to absolute path: /workspaces/calciiwriting/assets
INFO    : XSL conversion of /workspaces/calciiwriting/source/main.ptx by /home/codespace/.ptx/2.21.0/core/xsl/extract-pg.xsl
INFO    : messages from the log for XSL processing:
INFO    : * PTX:INFO:   checking ONLY the last TWO YEARS of element deprecations.
Rerun with the string parameter "author.deprecations.all" set to "yes" to check your source against all deprecations.
ERROR   : * PTX:ERROR:   a cross-reference ("xref") uses references [def-1-3-aroc] that do not point to any target, or perhaps point to multiple targets.  Maybe you typed an @xml:id value wrong, maybe the target of the @xml:id is nonexistent, or maybe you temporarily removed the target from your source, or maybe an auxiliary file contains a duplicate.  Your output will contain some placeholder text that you will not want to distribute to your readers.
INFO    : *              located within: "webwork-PA-1-5a" (xml:id)
ERROR   : * PTX:ERROR:   a cross-reference ("xref") uses references [def-1-3-aroc] that do not point to any target, or perhaps point to multiple targets.  Maybe you typed an @xml:id value wrong, maybe the target of the @xml:id is nonexistent, or maybe you temporarily removed the target from your source, or maybe an auxiliary file contains a duplicate.  Your output will contain some placeholder text that you will not want to distribute to your readers.
INFO    : *              located within: "webwork-PA-1-5a" (xml:id)
INFO    : successful application of /home/codespace/.ptx/2.21.0/core/xsl/extract-pg.xsl
INFO    : validating, cleaning server URL: https://webwork-dev.uleth.ca
INFO    : building representations of PTX-authored WeBWorK problem
INFO    : sending webwork-PA-1-5a to server to save in /workspaces/calciiwriting/generated-assets/webwork/webwork-representations.xml: origin is 'ptx'
INFO    : Removing temporary directory /tmp/ptx-oye1ivtd
INFO    : Finished generating assets.

INFO    : Generating any needed assets.
INFO    : XSL conversion of /workspaces/calciiwriting/source/main.ptx by /home/codespace/.ptx/2.21.0/core/xsl/utilities/pretext-enhanced-source.xsl
INFO    : successful application of /home/codespace/.ptx/2.21.0/core/xsl/utilities/pretext-enhanced-source.xsl
INFO    : XSL conversion of /workspaces/calciiwriting/source/main.ptx by /home/codespace/.ptx/2.21.0/core/xsl/utilities/pretext-enhanced-source.xsl
INFO    : successful application of /home/codespace/.ptx/2.21.0/core/xsl/utilities/pretext-enhanced-source.xsl
INFO    : XSL conversion of /workspaces/calciiwriting/source/main.ptx by /home/codespace/.ptx/2.21.0/core/xsl/utilities/pretext-enhanced-source.xsl
INFO    : successful application of /home/codespace/.ptx/2.21.0/core/xsl/utilities/pretext-enhanced-source.xsl
INFO    : XSL conversion of /workspaces/calciiwriting/source/main.ptx by /home/codespace/.ptx/2.21.0/core/xsl/utilities/pretext-enhanced-source.xsl
INFO    : successful application of /home/codespace/.ptx/2.21.0/core/xsl/utilities/pretext-enhanced-source.xsl
INFO    : XSL conversion of /workspaces/calciiwriting/source/main.ptx by /home/codespace/.ptx/2.21.0/core/xsl/utilities/pretext-enhanced-source.xsl
INFO    : successful application of /home/codespace/.ptx/2.21.0/core/xsl/utilities/pretext-enhanced-source.xsl
INFO    : XSL conversion of /workspaces/calciiwriting/source/main.ptx by /home/codespace/.ptx/2.21.0/core/xsl/utilities/pretext-enhanced-source.xsl
INFO    : successful application of /home/codespace/.ptx/2.21.0/core/xsl/utilities/pretext-enhanced-source.xsl
INFO    : XSL conversion of /workspaces/calciiwriting/source/main.ptx by /home/codespace/.ptx/2.21.0/core/xsl/utilities/pretext-enhanced-source.xsl
INFO    : successful application of /home/codespace/.ptx/2.21.0/core/xsl/utilities/pretext-enhanced-source.xsl
INFO    : XSL conversion of /workspaces/calciiwriting/source/main.ptx by /home/codespace/.ptx/2.21.0/core/xsl/utilities/pretext-enhanced-source.xsl
INFO    : successful application of /home/codespace/.ptx/2.21.0/core/xsl/utilities/pretext-enhanced-source.xsl
INFO    : XSL conversion of /workspaces/calciiwriting/source/main.ptx by /home/codespace/.ptx/2.21.0/core/xsl/utilities/pretext-enhanced-source.xsl
INFO    : successful application of /home/codespace/.ptx/2.21.0/core/xsl/utilities/pretext-enhanced-source.xsl
INFO    : XSL conversion of /workspaces/calciiwriting/source/main.ptx by /home/codespace/.ptx/2.21.0/core/xsl/utilities/pretext-enhanced-source.xsl
INFO    : successful application of /home/codespace/.ptx/2.21.0/core/xsl/utilities/pretext-enhanced-source.xsl
INFO    : XSL conversion of /workspaces/calciiwriting/source/main.ptx by /home/codespace/.ptx/2.21.0/core/xsl/utilities/pretext-enhanced-source.xsl
INFO    : successful application of /home/codespace/.ptx/2.21.0/core/xsl/utilities/pretext-enhanced-source.xsl
INFO    : XSL conversion of /workspaces/calciiwriting/source/main.ptx by /home/codespace/.ptx/2.21.0/core/xsl/utilities/pretext-enhanced-source.xsl
INFO    : successful application of /home/codespace/.ptx/2.21.0/core/xsl/utilities/pretext-enhanced-source.xsl
INFO    : XSL conversion of /workspaces/calciiwriting/source/main.ptx by /home/codespace/.ptx/2.21.0/core/xsl/utilities/pretext-enhanced-source.xsl
INFO    : successful application of /home/codespace/.ptx/2.21.0/core/xsl/utilities/pretext-enhanced-source.xsl
INFO    : XSL conversion of /workspaces/calciiwriting/source/main.ptx by /home/codespace/.ptx/2.21.0/core/xsl/utilities/pretext-enhanced-source.xsl
INFO    : successful application of /home/codespace/.ptx/2.21.0/core/xsl/utilities/pretext-enhanced-source.xsl
INFO    : Finished generating assets.

INFO    : Preparing to build into /workspaces/calciiwriting/output/web.
INFO    : discovering source file's directory name: /workspaces/calciiwriting/source
INFO    : verifying and expanding input directory: /workspaces/calciiwriting/source/../generated-assets
INFO    : input directory expanded to absolute path: /workspaces/calciiwriting/generated-assets
INFO    : verifying and expanding input directory: /workspaces/calciiwriting/source/../assets
INFO    : input directory expanded to absolute path: /workspaces/calciiwriting/assets
INFO    : discovering source file's directory name: /workspaces/calciiwriting/source
INFO    : XSL conversion of /workspaces/calciiwriting/source/main.ptx by /home/codespace/.ptx/2.21.0/core/xsl/utilities/report-publisher-variables.xsl
INFO    : successful application of /home/codespace/.ptx/2.21.0/core/xsl/utilities/report-publisher-variables.xsl
INFO    : Downloading rs services file from https://runestone.academy/cdn/runestone/latest/webpack_static_imports.xml.
INFO    : Runestone Services via online CDN query: version 7.8.4
INFO    : Downloading Runestone Services, version 7.8.4
INFO    : Extracting Runestone Services from archive file
INFO    : Building custom css theme: theme-salem
INFO    : converting /workspaces/calciiwriting/source/main.ptx to HTML in /tmp/ptx-634k9f32
INFO    : XSL conversion of /workspaces/calciiwriting/source/main.ptx by /home/codespace/.ptx/2.21.0/core/xsl/pretext-html.xsl
INFO    : messages from the log for XSL processing:
INFO    : * PTX:INFO:   checking ONLY the last TWO YEARS of element deprecations.
Rerun with the string parameter "author.deprecations.all" set to "yes" to check your source against all deprecations.
WARNING : * PTX:DEPRECATE: (2025-05-09) the webwork/@coursepassword and @userpassword publication entries have been deprecated. Use @password instead.
INFO    : * --------------
INFO    : successful application of /home/codespace/.ptx/2.21.0/core/xsl/pretext-html.xsl
INFO    : Removing temporary directory /tmp/ptx-634k9f32
INFO    : Removing temporary directory /tmp/ptx-yhur68ku
INFO    : 
Success! Run `pretext view web` to see the results.

INFO    : 
----------------------------------------------------
INFO    : While running pretext, the following errors occurred:

INFO    : (see log messages above or in the 'logs' folder for more information)
INFO    : ----------------------------------------------------
