INFO    : Using PreTeXt-CLI version 2.10.1.  The latest stable version available is 2.11.2. Run `pip install pretext --upgrade` to update.

INFO    : PreTeXt project found in `/workspaces/calciiwriting`.
INFO    : Building target web
ERROR   : XInclude Error caused build to fail:
ERROR   : /workspaces/calciiwriting/source/sec-partial-fractions.ptx:623:76:FATAL:PARSER:ERR_TAG_NAME_MISMATCH: Opening and ending tag mismatch: emph line 622 and cell
/workspaces/calciiwriting/source/sec-partial-fractions.ptx:624:21:FATAL:PARSER:ERR_TAG_NAME_MISMATCH: Opening and ending tag mismatch: emph line 622 and row
/workspaces/calciiwriting/source/sec-partial-fractions.ptx:632:76:FATAL:PARSER:ERR_TAG_NAME_MISMATCH: Opening and ending tag mismatch: emph line 631 and cell
/workspaces/calciiwriting/source/sec-partial-fractions.ptx:633:21:FATAL:PARSER:ERR_TAG_NAME_MISMATCH: Opening and ending tag mismatch: emph line 631 and row
/workspaces/calciiwriting/source/sec-partial-fractions.ptx:634:23:FATAL:PARSER:ERR_TAG_NAME_MISMATCH: Opening and ending tag mismatch: cell line 631 and tabular
/workspaces/calciiwriting/source/sec-partial-fractions.ptx:636:18:FATAL:PARSER:ERR_TAG_NAME_MISMATCH: Opening and ending tag mismatch: row line 629 and assemblage
/workspaces/calciiwriting/source/sec-partial-fractions.ptx:902:16:FATAL:PARSER:ERR_TAG_NAME_MISMATCH: Opening and ending tag mismatch: cell line 622 and subsection
/workspaces/calciiwriting/source/sec-partial-fractions.ptx:1058:11:FATAL:PARSER:ERR_TAG_NAME_MISMATCH: Opening and ending tag mismatch: row line 620 and section
/workspaces/calciiwriting/source/main.ptx:64:0:ERROR:XINCLUDE:XINCLUDE_NO_FALLBACK: could not load /workspaces/calciiwriting/source/sec-partial-fractions.ptx, and no fallback was found
CRITICAL: XML syntax for source file is invalid
INFO    : ------------------------
CRITICAL: Failed to build.  Exiting...
INFO    : 
----------------------------------------------------
INFO    : While running pretext, the following errors occurred:

INFO    : (see log messages above or in the 'logs' folder for more information)
INFO    : ----------------------------------------------------
