INFO    : Using PreTeXt-CLI version 2.10.1.  The latest stable version available is 2.12.0. Run `pip install pretext --upgrade` to update.

INFO    : PreTeXt project found in `/workspaces/calciiwriting`.
INFO    : Building target web
ERROR   : Unable to generate some prefigure images:
 PTX ERROR: the "prefig" module has failed to load, and
  this is necessary for the task you have requested.  Perhaps
  you have not installed it?  Or perhaps you have forgotten to
  use a Python virtual environment you set up for this purpose?
INFO    : Preparing to build into /workspaces/calciiwriting/output/web.
INFO    : XSL conversion of /workspaces/calciiwriting/source/main.ptx by /home/codespace/.ptx/2.10.1/core/xsl/utilities/report-publisher-variables.xsl
INFO    : successful application of /home/codespace/.ptx/2.10.1/core/xsl/utilities/report-publisher-variables.xsl
INFO    : discovering source file's directory name: /workspaces/calciiwriting/source
INFO    : verifying and expanding input directory: /workspaces/calciiwriting/source/../generated-assets
INFO    : input directory expanded to absolute path: /workspaces/calciiwriting/generated-assets
INFO    : verifying and expanding input directory: /workspaces/calciiwriting/source/../assets
INFO    : input directory expanded to absolute path: /workspaces/calciiwriting/assets
INFO    : Runestone Services (via PreTeXt repository): version 7.4.4
INFO    : Runestone Services (using newer, via online CDN query): version 7.5.4
INFO    : Downloading Runestone Services, version 7.5.4
INFO    : Extracting Runestone Services from archive file
INFO    : converting /workspaces/calciiwriting/source/main.ptx to HTML in /tmp/ptx-q8iqrc89
INFO    : XSL conversion of /workspaces/calciiwriting/source/main.ptx by /home/codespace/.ptx/2.10.1/core/xsl/pretext-html.xsl
INFO    : successful application of /home/codespace/.ptx/2.10.1/core/xsl/pretext-html.xsl
INFO    : Removing temporary directory /tmp/ptx-eqbjafdq
INFO    : Removing temporary directory /tmp/ptx-q8iqrc89
INFO    : 
Success! Run `pretext view` to see the results.

INFO    : 
----------------------------------------------------
INFO    : While running pretext, the following errors occurred:

INFO    : (see log messages above or in the 'logs' folder for more information)
INFO    : ----------------------------------------------------
